  Font.cpp
  Snowboy.cpp
e:\snow_ball\snowboy.cpp(37): warning C4244: “初始化”: 从“double”转换到“GLfloat”，可能丢失数据
e:\snow_ball\snowboy.cpp(37): warning C4244: “初始化”: 从“double”转换到“const GLfloat”，可能丢失数据
  Texture.cpp
e:\snow_ball\texture.cpp(51): warning C4018: “<”: 有符号/无符号不匹配
e:\snow_ball\texture.cpp(105): warning C4018: “<”: 有符号/无符号不匹配
  main.cpp
e:\snow_ball\main.cpp(45): warning C4305: “初始化”: 从“double”到“GLfloat”截断
e:\snow_ball\main.cpp(81): warning C4305: “参数”: 从“double”到“GLfloat”截断
e:\snow_ball\main.cpp(109): warning C4244: “=”: 从“double”转换到“float”，可能丢失数据
e:\snow_ball\main.cpp(110): warning C4244: “=”: 从“double”转换到“float”，可能丢失数据
e:\snow_ball\main.cpp(170): warning C4305: “参数”: 从“double”到“GLfloat”截断
e:\snow_ball\main.cpp(195): warning C4305: “参数”: 从“double”到“GLfloat”截断
e:\snow_ball\main.cpp(240): warning C4244: “参数”: 从“int”转换到“GLfloat”，可能丢失数据
e:\snow_ball\main.cpp(274): warning C4244: “初始化”: 从“GLfloat”转换到“int”，可能丢失数据
e:\snow_ball\main.cpp(278): warning C4305: “+=”: 从“double”到“float”截断
e:\snow_ball\main.cpp(281): warning C4305: “-=”: 从“double”到“float”截断
  正在生成代码
  All 32 functions were compiled because no usable IPDB/IOBJ from previous compilation was found.
  已完成代码的生成
  Snow_Ball.vcxproj -> E:\Snow_Ball\Release\Snow_Ball.exe
